-------------------------------------------------------------------------------
Test set: com.automationpractise.ExecuteTest
-------------------------------------------------------------------------------
Tests run: 2, Failures: 1, Errors: 1, Skipped: 0, Time elapsed: 73.943 sec <<< FAILURE!
Add two items and place an order(Online Shopping)  Time elapsed: 57.13 sec  <<< ERROR!
org.openqa.selenium.NoSuchElementException: Unable to locate element: //a[@class='account']
For documentation on this error, please visit: https://www.seleniumhq.org/exceptions/no_such_element.html
Build info: version: '3.141.59', revision: 'e82be7d358', time: '2018-11-14T08:17:03'
System info: host: 'LAPTOP-NBKR83UJ', ip: '192.168.99.1', os.name: 'Windows 10', os.arch: 'amd64', os.version: '10.0', java.version: '1.8.0_191'
Driver info: org.openqa.selenium.firefox.FirefoxDriver
Capabilities {acceptInsecureCerts: true, browserName: firefox, browserVersion: 69.0.2, javascriptEnabled: true, moz:accessibilityChecks: false, moz:buildID: 20191001234643, moz:geckodriverVersion: 0.25.0, moz:headless: false, moz:processID: 3888, moz:profile: C:\Users\prasad\AppData\Loc..., moz:shutdownTimeout: 60000, moz:useNonSpecCompliantPointerOrigin: false, moz:webdriverClick: true, pageLoadStrategy: normal, platform: WINDOWS, platformName: WINDOWS, platformVersion: 10.0, rotatable: false, setWindowRect: true, strictFileInteractability: false, timeouts: {implicit: 0, pageLoad: 300000, script: 30000}, unhandledPromptBehavior: dismiss and notify}
Session ID: 916d2e5f-89e4-4965-a991-7078821a9950
*** Element info: {Using=xpath, value=//a[@class='account']}
	at sun.reflect.NativeConstructorAccessorImpl.newInstance0(Native Method)
	at sun.reflect.NativeConstructorAccessorImpl.newInstance(NativeConstructorAccessorImpl.java:62)
	at sun.reflect.DelegatingConstructorAccessorImpl.newInstance(DelegatingConstructorAccessorImpl.java:45)
	at java.lang.reflect.Constructor.newInstance(Constructor.java:423)
	at org.openqa.selenium.remote.http.W3CHttpResponseCodec.createException(W3CHttpResponseCodec.java:187)
	at org.openqa.selenium.remote.http.W3CHttpResponseCodec.decode(W3CHttpResponseCodec.java:122)
	at org.openqa.selenium.remote.http.W3CHttpResponseCodec.decode(W3CHttpResponseCodec.java:49)
	at org.openqa.selenium.remote.HttpCommandExecutor.execute(HttpCommandExecutor.java:158)
	at org.openqa.selenium.remote.service.DriverCommandExecutor.execute(DriverCommandExecutor.java:83)
	at org.openqa.selenium.remote.RemoteWebDriver.execute(RemoteWebDriver.java:552)
	at org.openqa.selenium.remote.RemoteWebDriver.findElement(RemoteWebDriver.java:323)
	at org.openqa.selenium.remote.RemoteWebDriver.findElementByXPath(RemoteWebDriver.java:428)
	at org.openqa.selenium.By$ByXPath.findElement(By.java:353)
	at org.openqa.selenium.remote.RemoteWebDriver.findElement(RemoteWebDriver.java:315)
	at com.automationpractise.Assertions.userLoggedIn(Assertions.java:34)
	at com.automationpractise.PlaceOrder.userLogInToTheWebsite(PlaceOrder.java:31)
	at ?.user log in to the website(file:src/test/resources/com.automationpractise/placeorder.feature:8)

SignIn Error for existing user(User creates new account on the website)  Time elapsed: 16.215 sec  <<< FAILURE!
org.junit.ComparisonFailure: expected:<[An account using this email address has already been registered. Please enter a valid password or request a new one].> but was:<[Invalid email address].>
	at org.junit.Assert.assertEquals(Assert.java:115)
	at org.junit.Assert.assertEquals(Assert.java:144)
	at com.automationpractise.Assertions.isExistingUser(Assertions.java:80)
	at com.automationpractise.UserSignUp.throwsErrorForExistingUserEmailID(UserSignUp.java:45)
	at ?.throws error for existing user email ID(file:src/test/resources/com.automationpractise/usersignup.feature:17)

